<?xml version="1.0" encoding="UTF-8"?>
<!-- Generated by org.testng.reporters.JUnitReportReporter -->
<testsuite hostname="DESKTOP-817K70T" failures="0" tests="1" name="com.lbrce.devops.UserValidationTest" time="0.021" errors="0" timestamp="2023-11-07T14:35:52 IST" skipped="0">
  <testcase classname="com.lbrce.devops.UserValidationTest" name="testCase1" time="0.021"/>
</testsuite> <!-- com.lbrce.devops.UserValidationTest -->
